CRITICAL - 2025-04-23 17:31:48 --> CodeIgniter\View\Exceptions\ViewException: Invalid file: "inicio.php"
[Method: GET, Route: /]
in SYSTEMPATH\Exceptions\FrameworkException.php on line 39.
 1 SYSTEMPATH\View\View.php(212): CodeIgniter\Exceptions\FrameworkException::forInvalidFile('inicio.php')
 2 SYSTEMPATH\Common.php(1173): CodeIgniter\View\View->render('inicio', [], true)
 3 APPPATH\Controllers\Home.php(9): view('inicio')
 4 SYSTEMPATH\CodeIgniter.php(933): App\Controllers\Home->index()
 5 SYSTEMPATH\CodeIgniter.php(507): CodeIgniter\CodeIgniter->runController(Object(App\Controllers\Home))
 6 SYSTEMPATH\CodeIgniter.php(354): CodeIgniter\CodeIgniter->handleRequest(null, Object(Config\Cache), false)
 7 SYSTEMPATH\Boot.php(334): CodeIgniter\CodeIgniter->run()
 8 SYSTEMPATH\Boot.php(67): CodeIgniter\Boot::runCodeIgniter(Object(CodeIgniter\CodeIgniter))
 9 FCPATH\index.php(56): CodeIgniter\Boot::bootWeb(Object(Config\Paths))
CRITICAL - 2025-04-23 17:38:05 --> CodeIgniter\View\Exceptions\ViewException: Invalid file: "inicio.php"
[Method: GET, Route: /]
in SYSTEMPATH\Exceptions\FrameworkException.php on line 39.
 1 SYSTEMPATH\View\View.php(212): CodeIgniter\Exceptions\FrameworkException::forInvalidFile('inicio.php')
 2 SYSTEMPATH\Common.php(1173): CodeIgniter\View\View->render('inicio', [], true)
 3 APPPATH\Controllers\Home.php(9): view('inicio')
 4 SYSTEMPATH\CodeIgniter.php(933): App\Controllers\Home->index()
 5 SYSTEMPATH\CodeIgniter.php(507): CodeIgniter\CodeIgniter->runController(Object(App\Controllers\Home))
 6 SYSTEMPATH\CodeIgniter.php(354): CodeIgniter\CodeIgniter->handleRequest(null, Object(Config\Cache), false)
 7 SYSTEMPATH\Boot.php(334): CodeIgniter\CodeIgniter->run()
 8 SYSTEMPATH\Boot.php(67): CodeIgniter\Boot::runCodeIgniter(Object(CodeIgniter\CodeIgniter))
 9 FCPATH\index.php(56): CodeIgniter\Boot::bootWeb(Object(Config\Paths))
CRITICAL - 2025-04-23 17:38:06 --> CodeIgniter\View\Exceptions\ViewException: Invalid file: "inicio.php"
[Method: GET, Route: /]
in SYSTEMPATH\Exceptions\FrameworkException.php on line 39.
 1 SYSTEMPATH\View\View.php(212): CodeIgniter\Exceptions\FrameworkException::forInvalidFile('inicio.php')
 2 SYSTEMPATH\Common.php(1173): CodeIgniter\View\View->render('inicio', [], true)
 3 APPPATH\Controllers\Home.php(9): view('inicio')
 4 SYSTEMPATH\CodeIgniter.php(933): App\Controllers\Home->index()
 5 SYSTEMPATH\CodeIgniter.php(507): CodeIgniter\CodeIgniter->runController(Object(App\Controllers\Home))
 6 SYSTEMPATH\CodeIgniter.php(354): CodeIgniter\CodeIgniter->handleRequest(null, Object(Config\Cache), false)
 7 SYSTEMPATH\Boot.php(334): CodeIgniter\CodeIgniter->run()
 8 SYSTEMPATH\Boot.php(67): CodeIgniter\Boot::runCodeIgniter(Object(CodeIgniter\CodeIgniter))
 9 FCPATH\index.php(56): CodeIgniter\Boot::bootWeb(Object(Config\Paths))
CRITICAL - 2025-04-23 17:39:00 --> CodeIgniter\View\Exceptions\ViewException: Invalid file: "inicio.php"
[Method: GET, Route: /]
in SYSTEMPATH\Exceptions\FrameworkException.php on line 39.
 1 SYSTEMPATH\View\View.php(212): CodeIgniter\Exceptions\FrameworkException::forInvalidFile('inicio.php')
 2 SYSTEMPATH\Common.php(1173): CodeIgniter\View\View->render('inicio', [], true)
 3 APPPATH\Controllers\Home.php(9): view('inicio')
 4 SYSTEMPATH\CodeIgniter.php(933): App\Controllers\Home->index()
 5 SYSTEMPATH\CodeIgniter.php(507): CodeIgniter\CodeIgniter->runController(Object(App\Controllers\Home))
 6 SYSTEMPATH\CodeIgniter.php(354): CodeIgniter\CodeIgniter->handleRequest(null, Object(Config\Cache), false)
 7 SYSTEMPATH\Boot.php(334): CodeIgniter\CodeIgniter->run()
 8 SYSTEMPATH\Boot.php(67): CodeIgniter\Boot::runCodeIgniter(Object(CodeIgniter\CodeIgniter))
 9 FCPATH\index.php(56): CodeIgniter\Boot::bootWeb(Object(Config\Paths))
CRITICAL - 2025-04-23 17:39:01 --> CodeIgniter\View\Exceptions\ViewException: Invalid file: "inicio.php"
[Method: GET, Route: /]
in SYSTEMPATH\Exceptions\FrameworkException.php on line 39.
 1 SYSTEMPATH\View\View.php(212): CodeIgniter\Exceptions\FrameworkException::forInvalidFile('inicio.php')
 2 SYSTEMPATH\Common.php(1173): CodeIgniter\View\View->render('inicio', [], true)
 3 APPPATH\Controllers\Home.php(9): view('inicio')
 4 SYSTEMPATH\CodeIgniter.php(933): App\Controllers\Home->index()
 5 SYSTEMPATH\CodeIgniter.php(507): CodeIgniter\CodeIgniter->runController(Object(App\Controllers\Home))
 6 SYSTEMPATH\CodeIgniter.php(354): CodeIgniter\CodeIgniter->handleRequest(null, Object(Config\Cache), false)
 7 SYSTEMPATH\Boot.php(334): CodeIgniter\CodeIgniter->run()
 8 SYSTEMPATH\Boot.php(67): CodeIgniter\Boot::runCodeIgniter(Object(CodeIgniter\CodeIgniter))
 9 FCPATH\index.php(56): CodeIgniter\Boot::bootWeb(Object(Config\Paths))
CRITICAL - 2025-04-23 17:43:06 --> ErrorException: include(components/header.php): Failed to open stream: No such file or directory
[Method: GET, Route: /]
in APPPATH\Views\pages\inicio.php on line 2.
 1 APPPATH\Views\pages\inicio.php(2): CodeIgniter\Debug\Exceptions->errorHandler(2, 'include(components/header.php): Failed to open stream: No such file or directory', 'C:\\xampp\\htdocs\\proyecto_rios_karen\\app\\Views\\pages\\inicio.php', 2)
 2 APPPATH\Views\pages\inicio.php(2): include()
 3 SYSTEMPATH\View\View.php(224): include('C:\\xampp\\htdocs\\proyecto_rios_karen\\app\\Views\\pages\\inicio.php')
 4 SYSTEMPATH\View\View.php(227): CodeIgniter\View\View->CodeIgniter\View\{closure}()
 5 SYSTEMPATH\Common.php(1173): CodeIgniter\View\View->render('pages/inicio', [], true)
 6 APPPATH\Controllers\Home.php(9): view('pages/inicio')
 7 SYSTEMPATH\CodeIgniter.php(933): App\Controllers\Home->index()
 8 SYSTEMPATH\CodeIgniter.php(507): CodeIgniter\CodeIgniter->runController(Object(App\Controllers\Home))
 9 SYSTEMPATH\CodeIgniter.php(354): CodeIgniter\CodeIgniter->handleRequest(null, Object(Config\Cache), false)
10 SYSTEMPATH\Boot.php(334): CodeIgniter\CodeIgniter->run()
11 SYSTEMPATH\Boot.php(67): CodeIgniter\Boot::runCodeIgniter(Object(CodeIgniter\CodeIgniter))
12 FCPATH\index.php(56): CodeIgniter\Boot::bootWeb(Object(Config\Paths))
CRITICAL - 2025-04-23 17:43:08 --> ErrorException: include(components/header.php): Failed to open stream: No such file or directory
[Method: GET, Route: /]
in APPPATH\Views\pages\inicio.php on line 2.
 1 APPPATH\Views\pages\inicio.php(2): CodeIgniter\Debug\Exceptions->errorHandler(2, 'include(components/header.php): Failed to open stream: No such file or directory', 'C:\\xampp\\htdocs\\proyecto_rios_karen\\app\\Views\\pages\\inicio.php', 2)
 2 APPPATH\Views\pages\inicio.php(2): include()
 3 SYSTEMPATH\View\View.php(224): include('C:\\xampp\\htdocs\\proyecto_rios_karen\\app\\Views\\pages\\inicio.php')
 4 SYSTEMPATH\View\View.php(227): CodeIgniter\View\View->CodeIgniter\View\{closure}()
 5 SYSTEMPATH\Common.php(1173): CodeIgniter\View\View->render('pages/inicio', [], true)
 6 APPPATH\Controllers\Home.php(9): view('pages/inicio')
 7 SYSTEMPATH\CodeIgniter.php(933): App\Controllers\Home->index()
 8 SYSTEMPATH\CodeIgniter.php(507): CodeIgniter\CodeIgniter->runController(Object(App\Controllers\Home))
 9 SYSTEMPATH\CodeIgniter.php(354): CodeIgniter\CodeIgniter->handleRequest(null, Object(Config\Cache), false)
10 SYSTEMPATH\Boot.php(334): CodeIgniter\CodeIgniter->run()
11 SYSTEMPATH\Boot.php(67): CodeIgniter\Boot::runCodeIgniter(Object(CodeIgniter\CodeIgniter))
12 FCPATH\index.php(56): CodeIgniter\Boot::bootWeb(Object(Config\Paths))
CRITICAL - 2025-04-23 17:43:34 --> ErrorException: include(components/header): Failed to open stream: No such file or directory
[Method: GET, Route: /]
in APPPATH\Views\pages\inicio.php on line 2.
 1 APPPATH\Views\pages\inicio.php(2): CodeIgniter\Debug\Exceptions->errorHandler(2, 'include(components/header): Failed to open stream: No such file or directory', 'C:\\xampp\\htdocs\\proyecto_rios_karen\\app\\Views\\pages\\inicio.php', 2)
 2 APPPATH\Views\pages\inicio.php(2): include()
 3 SYSTEMPATH\View\View.php(224): include('C:\\xampp\\htdocs\\proyecto_rios_karen\\app\\Views\\pages\\inicio.php')
 4 SYSTEMPATH\View\View.php(227): CodeIgniter\View\View->CodeIgniter\View\{closure}()
 5 SYSTEMPATH\Common.php(1173): CodeIgniter\View\View->render('pages/inicio', [], true)
 6 APPPATH\Controllers\Home.php(9): view('pages/inicio')
 7 SYSTEMPATH\CodeIgniter.php(933): App\Controllers\Home->index()
 8 SYSTEMPATH\CodeIgniter.php(507): CodeIgniter\CodeIgniter->runController(Object(App\Controllers\Home))
 9 SYSTEMPATH\CodeIgniter.php(354): CodeIgniter\CodeIgniter->handleRequest(null, Object(Config\Cache), false)
10 SYSTEMPATH\Boot.php(334): CodeIgniter\CodeIgniter->run()
11 SYSTEMPATH\Boot.php(67): CodeIgniter\Boot::runCodeIgniter(Object(CodeIgniter\CodeIgniter))
12 FCPATH\index.php(56): CodeIgniter\Boot::bootWeb(Object(Config\Paths))
CRITICAL - 2025-04-23 17:43:35 --> ErrorException: include(components/header): Failed to open stream: No such file or directory
[Method: GET, Route: /]
in APPPATH\Views\pages\inicio.php on line 2.
 1 APPPATH\Views\pages\inicio.php(2): CodeIgniter\Debug\Exceptions->errorHandler(2, 'include(components/header): Failed to open stream: No such file or directory', 'C:\\xampp\\htdocs\\proyecto_rios_karen\\app\\Views\\pages\\inicio.php', 2)
 2 APPPATH\Views\pages\inicio.php(2): include()
 3 SYSTEMPATH\View\View.php(224): include('C:\\xampp\\htdocs\\proyecto_rios_karen\\app\\Views\\pages\\inicio.php')
 4 SYSTEMPATH\View\View.php(227): CodeIgniter\View\View->CodeIgniter\View\{closure}()
 5 SYSTEMPATH\Common.php(1173): CodeIgniter\View\View->render('pages/inicio', [], true)
 6 APPPATH\Controllers\Home.php(9): view('pages/inicio')
 7 SYSTEMPATH\CodeIgniter.php(933): App\Controllers\Home->index()
 8 SYSTEMPATH\CodeIgniter.php(507): CodeIgniter\CodeIgniter->runController(Object(App\Controllers\Home))
 9 SYSTEMPATH\CodeIgniter.php(354): CodeIgniter\CodeIgniter->handleRequest(null, Object(Config\Cache), false)
10 SYSTEMPATH\Boot.php(334): CodeIgniter\CodeIgniter->run()
11 SYSTEMPATH\Boot.php(67): CodeIgniter\Boot::runCodeIgniter(Object(CodeIgniter\CodeIgniter))
12 FCPATH\index.php(56): CodeIgniter\Boot::bootWeb(Object(Config\Paths))
CRITICAL - 2025-04-23 21:00:42 --> ErrorException: Cannot redeclare App\Controllers\Home::index()
[Method: GET, Route: /]
in APPPATH\Controllers\Home.php on line 12.
 1 [internal function]: CodeIgniter\Debug\Exceptions->shutdownHandler()
CRITICAL - 2025-04-23 21:00:54 --> ErrorException: Cannot redeclare App\Controllers\Home::index()
[Method: GET, Route: /]
in APPPATH\Controllers\Home.php on line 12.
 1 [internal function]: CodeIgniter\Debug\Exceptions->shutdownHandler()
